<?xml version="1.0" encoding="UTF-8"?>
<!-- Generated by org.testng.reporters.JUnitXMLReporter -->
<testsuite ignored="4" hostname="DESKTOP-TTAVK1I" failures="1" tests="23" name="Test" time="61.07" errors="0" timestamp="2024-11-08T11:22:03 IST">
  <testcase classname="com.bankingproject.testcases.HomePageTestCases" name="validateURL" time="0.028"/>
  <testcase classname="com.bankingproject.testcases.HomePageTestCases" name="checkHomeButtonFunctionality" time="0.611"/>
  <testcase classname="com.bankingproject.testcases.HomePageTestCases" name="checkCustomerButtonFunctionality" time="1.225"/>
  <testcase classname="com.bankingproject.testcases.HomePageTestCases" name="checkBankMangerButtonFunctionality" time="2.732"/>
  <testcase classname="com.bankingproject.testcases.BankManagerTestCases" name="validateAddCustomerURL" time="0.854"/>
  <testcase classname="com.bankingproject.testcases.BankManagerTestCases" name="addCustomerFeildsDisplayed" time="0.155"/>
  <testcase classname="com.bankingproject.testcases.BankManagerTestCases" name="addCustomers" time="1.511"/>
  <testcase classname="com.bankingproject.testcases.BankManagerTestCases" name="addCustomers" time="1.408"/>
  <testcase classname="com.bankingproject.testcases.BankManagerTestCases" name="addCustomers" time="1.525"/>
  <testcase classname="com.bankingproject.testcases.BankManagerTestCases" name="addSingleCustomer" time="4.235"/>
  <testcase classname="com.bankingproject.testcases.BankManagerTestCases" name="openAccount" time="1.685"/>
  <testcase classname="com.bankingproject.testcases.BankManagerTestCases" name="openAccount" time="1.968"/>
  <testcase classname="com.bankingproject.testcases.BankManagerTestCases" name="openAccount" time="1.922"/>
  <testcase classname="com.bankingproject.testcases.BankManagerTestCases" name="deleteCustomer" time="1.725"/>
  <testcase classname="com.bankingproject.testcases.BankManagerTestCases" name="deleteCustomer" time="1.72"/>
  <testcase classname="com.bankingproject.testcases.BankManagerTestCases" name="deleteCustomer" time="1.703"/>
  <testcase classname="com.bankingproject.testcases.CustomerLoginTestCases" name="validateLogin" time="2.504"/>
  <testcase classname="com.bankingproject.testcases.CustomerLoginTestCases" name="deposit" time="1.82"/>
  <testcase classname="com.bankingproject.testcases.CustomerLoginTestCases" name="withdrawl" time="2.534"/>
  <testcase classname="com.bankingproject.testcases.CustomerLoginTestCases" name="transactionExcel" time="0.865"/>
  <testcase classname="com.bankingproject.testcases.CustomerLoginTestCases" name="resetTransaction" time="13.044"/>
  <testcase classname="com.bankingproject.testcases.CustomerLoginTestCases" name="validations" time="2.599">
    <failure type="java.lang.AssertionError" message="expected [Transaction . You can not withdraw amount more than the balance.] but found [Transaction Failed. You can not withdraw amount more than the balance.]">
      <![CDATA[java.lang.AssertionError: expected [Transaction . You can not withdraw amount more than the balance.] but found [Transaction Failed. You can not withdraw amount more than the balance.]
at com.bankingproject.testcases.CustomerLoginTestCases.validations(CustomerLoginTestCases.java:87)
at java.base/java.util.ArrayList.forEach(ArrayList.java:1596)
... Removed 31 stack frames]]>
    </failure>
  </testcase> <!-- validations -->
  <testcase classname="com.bankingproject.testcases.CustomerLoginTestCases" name="logout" time="0.0">
    <skipped/>
  </testcase> <!-- logout -->
  <testcase classname="com.bankingproject.base.BaseClass" name="@BeforeSuite beforeSuite" time="0.0">
    <ignored/>
  </testcase> <!-- @BeforeSuite beforeSuite -->
  <testcase classname="com.bankingproject.base.BaseClass" name="@BeforeSuite beforeSuite" time="0.0">
    <ignored/>
  </testcase> <!-- @BeforeSuite beforeSuite -->
  <testcase classname="com.bankingproject.base.BaseClass" name="@AfterTest tearDown" time="0.0">
    <ignored/>
  </testcase> <!-- @AfterTest tearDown -->
  <testcase classname="com.bankingproject.base.BaseClass" name="@AfterTest tearDown" time="0.0">
    <ignored/>
  </testcase> <!-- @AfterTest tearDown -->
</testsuite> <!-- Test -->
