<html>
<head>
<title>TestNG:  Test</title>
<link href="../testng.css" rel="stylesheet" type="text/css" />
<link href="../my-testng.css" rel="stylesheet" type="text/css" />

<style type="text/css">
.log { display: none;} 
.stack-trace { display: none;} 
</style>
<script type="text/javascript">
<!--
function flip(e) {
  current = e.style.display;
  if (current == 'block') {
    e.style.display = 'none';
    return 0;
  }
  else {
    e.style.display = 'block';
    return 1;
  }
}

function toggleBox(szDivId, elem, msg1, msg2)
{
  var res = -1;  if (document.getElementById) {
    res = flip(document.getElementById(szDivId));
  }
  else if (document.all) {
    // this is the way old msie versions work
    res = flip(document.all[szDivId]);
  }
  if(elem) {
    if(res == 0) elem.innerHTML = msg1; else elem.innerHTML = msg2;
  }

}

function toggleAllBoxes() {
  if (document.getElementsByTagName) {
    d = document.getElementsByTagName('div');
    for (i = 0; i < d.length; i++) {
      if (d[i].className == 'log') {
        flip(d[i]);
      }
    }
  }
}

// -->
</script>

</head>
<body>
<h2 align='center'>Test</h2><table border='1' align="center">
<tr>
<td>Tests passed/Failed/Skipped:</td><td>21/1/1</td>
</tr><tr>
<td>Started on:</td><td>Fri Nov 08 11:21:02 IST 2024</td>
</tr>
<tr><td>Total time:</td><td>61 seconds (61070 ms)</td>
</tr><tr>
<td>Included groups:</td><td></td>
</tr><tr>
<td>Excluded groups:</td><td></td>
</tr>
</table><p/>
<small><i>(Hover the method name to see the test class name)</i></small><p/>
<table width='100%' border='1' class='invocation-failed'>
<tr><td colspan='4' align='center'><b>FAILED TESTS</b></td></tr>
<tr><td><b>Test method</b></td>
<td><b>Attribute(s)</b></td>
<td width="30%"><b>Exception</b></td>
<td width="10%"><b>Time (seconds)</b></td>
<td><b>Instance</b></td>
</tr>
<tr>
<td title='com.bankingproject.testcases.CustomerLoginTestCases.validations()'><b>validations</b><br>Test class: com.bankingproject.testcases.CustomerLoginTestCases</td>
<td><div><pre>java.lang.AssertionError: expected [Transaction . You can not withdraw amount more than the balance.] but found [Transaction Failed. You can not withdraw amount more than the balance.]
	at com.bankingproject.testcases.CustomerLoginTestCases.validations(CustomerLoginTestCases.java:87)
	at java.base/java.util.ArrayList.forEach(ArrayList.java:1596)
... Removed 31 stack frames</pre></div><a href='#' onClick='toggleBox("stack-trace1811787479", this, "Click to show all stack frames", "Click to hide stack frames")'>Click to show all stack frames</a>
<div class='stack-trace' id='stack-trace1811787479'><pre>java.lang.AssertionError: expected [Transaction . You can not withdraw amount more than the balance.] but found [Transaction Failed. You can not withdraw amount more than the balance.]
	at org.testng.Assert.fail(Assert.java:111)
	at org.testng.Assert.failNotEquals(Assert.java:1578)
	at org.testng.Assert.assertEqualsImpl(Assert.java:150)
	at org.testng.Assert.assertEquals(Assert.java:132)
	at org.testng.Assert.assertEquals(Assert.java:656)
	at org.testng.Assert.assertEquals(Assert.java:666)
	at com.bankingproject.testcases.CustomerLoginTestCases.validations(CustomerLoginTestCases.java:87)
	at java.base/jdk.internal.reflect.DirectMethodHandleAccessor.invoke(DirectMethodHandleAccessor.java:103)
	at java.base/java.lang.reflect.Method.invoke(Method.java:580)
	at org.testng.internal.invokers.MethodInvocationHelper.invokeMethod(MethodInvocationHelper.java:141)
	at org.testng.internal.invokers.TestInvoker.invokeMethod(TestInvoker.java:686)
	at org.testng.internal.invokers.TestInvoker.invokeTestMethod(TestInvoker.java:230)
	at org.testng.internal.invokers.MethodRunner.runInSequence(MethodRunner.java:63)
	at org.testng.internal.invokers.TestInvoker$MethodInvocationAgent.invoke(TestInvoker.java:992)
	at org.testng.internal.invokers.TestInvoker.invokeTestMethods(TestInvoker.java:203)
	at org.testng.internal.invokers.TestMethodWorker.invokeTestMethods(TestMethodWorker.java:154)
	at org.testng.internal.invokers.TestMethodWorker.run(TestMethodWorker.java:134)
	at java.base/java.util.ArrayList.forEach(ArrayList.java:1596)
	at org.testng.TestRunner.privateRun(TestRunner.java:739)
	at org.testng.TestRunner.run(TestRunner.java:614)
	at org.testng.SuiteRunner.runTest(SuiteRunner.java:421)
	at org.testng.SuiteRunner.runSequentially(SuiteRunner.java:413)
	at org.testng.SuiteRunner.privateRun(SuiteRunner.java:373)
	at org.testng.SuiteRunner.run(SuiteRunner.java:312)
	at org.testng.SuiteRunnerWorker.runSuite(SuiteRunnerWorker.java:52)
	at org.testng.SuiteRunnerWorker.run(SuiteRunnerWorker.java:95)
	at org.testng.TestNG.runSuitesSequentially(TestNG.java:1274)
	at org.testng.TestNG.runSuitesLocally(TestNG.java:1208)
	at org.testng.TestNG.runSuites(TestNG.java:1112)
	at org.testng.TestNG.run(TestNG.java:1079)
	at org.testng.remote.AbstractRemoteTestNG.run(AbstractRemoteTestNG.java:115)
	at org.testng.remote.RemoteTestNG.initAndRun(RemoteTestNG.java:293)
	at org.testng.remote.RemoteTestNG.main(RemoteTestNG.java:91)
</pre></div></td>
<td>2</td>
<td>com.bankingproject.testcases.CustomerLoginTestCases@328cf0e1</td></tr>
</table><p>
<table width='100%' border='1' class='invocation-passed'>
<tr><td colspan='4' align='center'><b>PASSED TESTS</b></td></tr>
<tr><td><b>Test method</b></td>
<td><b>Attribute(s)</b></td>
<td width="30%"><b>Exception</b></td>
<td width="10%"><b>Time (seconds)</b></td>
<td><b>Instance</b></td>
</tr>
<tr>
<td title='com.bankingproject.testcases.BankManagerTestCases.addCustomers()'><b>addCustomers</b><br>Test class: com.bankingproject.testcases.BankManagerTestCases<br>Parameters: Sushmitha, Kashyap, 5896</td>
<td></td>
<td>1</td>
<td>com.bankingproject.testcases.BankManagerTestCases@2fc0cc3</td></tr>
<tr>
<td title='com.bankingproject.testcases.CustomerLoginTestCases.transactionExcel()'><b>transactionExcel</b><br>Test class: com.bankingproject.testcases.CustomerLoginTestCases</td>
<td></td>
<td>0</td>
<td>com.bankingproject.testcases.CustomerLoginTestCases@328cf0e1</td></tr>
<tr>
<td title='com.bankingproject.testcases.BankManagerTestCases.deleteCustomer()'><b>deleteCustomer</b><br>Test class: com.bankingproject.testcases.BankManagerTestCases<br>Parameters: Sushmitha</td>
<td></td>
<td>1</td>
<td>com.bankingproject.testcases.BankManagerTestCases@2fc0cc3</td></tr>
<tr>
<td title='com.bankingproject.testcases.CustomerLoginTestCases.deposit()'><b>deposit</b><br>Test class: com.bankingproject.testcases.CustomerLoginTestCases</td>
<td></td>
<td>1</td>
<td>com.bankingproject.testcases.CustomerLoginTestCases@328cf0e1</td></tr>
<tr>
<td title='com.bankingproject.testcases.CustomerLoginTestCases.validateLogin()'><b>validateLogin</b><br>Test class: com.bankingproject.testcases.CustomerLoginTestCases</td>
<td></td>
<td>2</td>
<td>com.bankingproject.testcases.CustomerLoginTestCases@328cf0e1</td></tr>
<tr>
<td title='com.bankingproject.testcases.HomePageTestCases.checkCustomerButtonFunctionality()'><b>checkCustomerButtonFunctionality</b><br>Test class: com.bankingproject.testcases.HomePageTestCases</td>
<td></td>
<td>1</td>
<td>com.bankingproject.testcases.HomePageTestCases@f667fe</td></tr>
<tr>
<td title='com.bankingproject.testcases.BankManagerTestCases.addCustomers()'><b>addCustomers</b><br>Test class: com.bankingproject.testcases.BankManagerTestCases<br>Parameters: Keerthi, Padyara, 5681</td>
<td></td>
<td>1</td>
<td>com.bankingproject.testcases.BankManagerTestCases@2fc0cc3</td></tr>
<tr>
<td title='com.bankingproject.testcases.BankManagerTestCases.validateAddCustomerURL()'><b>validateAddCustomerURL</b><br>Test class: com.bankingproject.testcases.BankManagerTestCases</td>
<td></td>
<td>0</td>
<td>com.bankingproject.testcases.BankManagerTestCases@2fc0cc3</td></tr>
<tr>
<td title='com.bankingproject.testcases.BankManagerTestCases.deleteCustomer()'><b>deleteCustomer</b><br>Test class: com.bankingproject.testcases.BankManagerTestCases<br>Parameters: Jane</td>
<td></td>
<td>1</td>
<td>com.bankingproject.testcases.BankManagerTestCases@2fc0cc3</td></tr>
<tr>
<td title='com.bankingproject.testcases.BankManagerTestCases.addCustomerFeildsDisplayed()'><b>addCustomerFeildsDisplayed</b><br>Test class: com.bankingproject.testcases.BankManagerTestCases</td>
<td></td>
<td>0</td>
<td>com.bankingproject.testcases.BankManagerTestCases@2fc0cc3</td></tr>
<tr>
<td title='com.bankingproject.testcases.HomePageTestCases.checkBankMangerButtonFunctionality()'><b>checkBankMangerButtonFunctionality</b><br>Test class: com.bankingproject.testcases.HomePageTestCases</td>
<td></td>
<td>2</td>
<td>com.bankingproject.testcases.HomePageTestCases@f667fe</td></tr>
<tr>
<td title='com.bankingproject.testcases.BankManagerTestCases.openAccount()'><b>openAccount</b><br>Test class: com.bankingproject.testcases.BankManagerTestCases<br>Parameters: Sushmitha Kashyap</td>
<td></td>
<td>1</td>
<td>com.bankingproject.testcases.BankManagerTestCases@2fc0cc3</td></tr>
<tr>
<td title='com.bankingproject.testcases.BankManagerTestCases.addCustomers()'><b>addCustomers</b><br>Test class: com.bankingproject.testcases.BankManagerTestCases<br>Parameters: Jane, Abraham, 67969</td>
<td></td>
<td>1</td>
<td>com.bankingproject.testcases.BankManagerTestCases@2fc0cc3</td></tr>
<tr>
<td title='com.bankingproject.testcases.BankManagerTestCases.openAccount()'><b>openAccount</b><br>Test class: com.bankingproject.testcases.BankManagerTestCases<br>Parameters: Keerthi Padyara</td>
<td></td>
<td>1</td>
<td>com.bankingproject.testcases.BankManagerTestCases@2fc0cc3</td></tr>
<tr>
<td title='com.bankingproject.testcases.BankManagerTestCases.deleteCustomer()'><b>deleteCustomer</b><br>Test class: com.bankingproject.testcases.BankManagerTestCases<br>Parameters: Keerthi</td>
<td></td>
<td>1</td>
<td>com.bankingproject.testcases.BankManagerTestCases@2fc0cc3</td></tr>
<tr>
<td title='com.bankingproject.testcases.HomePageTestCases.validateURL()'><b>validateURL</b><br>Test class: com.bankingproject.testcases.HomePageTestCases</td>
<td></td>
<td>0</td>
<td>com.bankingproject.testcases.HomePageTestCases@f667fe</td></tr>
<tr>
<td title='com.bankingproject.testcases.HomePageTestCases.checkHomeButtonFunctionality()'><b>checkHomeButtonFunctionality</b><br>Test class: com.bankingproject.testcases.HomePageTestCases</td>
<td></td>
<td>0</td>
<td>com.bankingproject.testcases.HomePageTestCases@f667fe</td></tr>
<tr>
<td title='com.bankingproject.testcases.BankManagerTestCases.openAccount()'><b>openAccount</b><br>Test class: com.bankingproject.testcases.BankManagerTestCases<br>Parameters: Jane Abraham</td>
<td></td>
<td>1</td>
<td>com.bankingproject.testcases.BankManagerTestCases@2fc0cc3</td></tr>
<tr>
<td title='com.bankingproject.testcases.CustomerLoginTestCases.withdrawl()'><b>withdrawl</b><br>Test class: com.bankingproject.testcases.CustomerLoginTestCases</td>
<td></td>
<td>2</td>
<td>com.bankingproject.testcases.CustomerLoginTestCases@328cf0e1</td></tr>
<tr>
<td title='com.bankingproject.testcases.CustomerLoginTestCases.resetTransaction()'><b>resetTransaction</b><br>Test class: com.bankingproject.testcases.CustomerLoginTestCases</td>
<td></td>
<td>13</td>
<td>com.bankingproject.testcases.CustomerLoginTestCases@328cf0e1</td></tr>
<tr>
<td title='com.bankingproject.testcases.BankManagerTestCases.addSingleCustomer()'><b>addSingleCustomer</b><br>Test class: com.bankingproject.testcases.BankManagerTestCases</td>
<td></td>
<td>4</td>
<td>com.bankingproject.testcases.BankManagerTestCases@2fc0cc3</td></tr>
</table><p>
<table width='100%' border='1' class='invocation-skipped'>
<tr><td colspan='4' align='center'><b>SKIPPED TESTS</b></td></tr>
<tr><td><b>Test method</b></td>
<td><b>Attribute(s)</b></td>
<td width="30%"><b>Exception</b></td>
<td width="10%"><b>Time (seconds)</b></td>
<td><b>Instance</b></td>
</tr>
<tr>
<td title='com.bankingproject.testcases.CustomerLoginTestCases.logout()'><b>logout</b><br>Test class: com.bankingproject.testcases.CustomerLoginTestCases</td>
<td><div><pre>java.lang.Throwable: Method com.bankingproject.testcases.CustomerLoginTestCases.logout() on instance com.bankingproject.testcases.CustomerLoginTestCases@328cf0e1 depends on not successfully finished methods 
[com.bankingproject.testcases.CustomerLoginTestCases.transactionExcel() on instance com.bankingproject.testcases.CustomerLoginTestCases@328cf0e1
com.bankingproject.testcases.CustomerLoginTestCases.deposit() on instance com.bankingproject.testcases.CustomerLoginTestCases@328cf0e1
com.bankingproject.testcases.CustomerLoginTestCases.validations() on instance com.bankingproject.testcases.CustomerLoginTestCases@328cf0e1
com.bankingproject.testcases.CustomerLoginTestCases.resetTransaction() on instance com.bankingproject.testcases.CustomerLoginTestCases@328cf0e1
com.bankingproject.testcases.CustomerLoginTestCases.withdrawl() on instance com.bankingproject.testcases.CustomerLoginTestCases@328cf0e1
com.bankingproject.testcases.CustomerLoginTestCases.validateLogin() on instance com.bankingproject.testcases.CustomerLoginTestCases@328cf0e1]
	at java.base/java.util.ArrayList.forEach(ArrayList.java:1596)
... Removed 18 stack frames</pre></div><a href='#' onClick='toggleBox("stack-trace1981844352", this, "Click to show all stack frames", "Click to hide stack frames")'>Click to show all stack frames</a>
<div class='stack-trace' id='stack-trace1981844352'><pre>java.lang.Throwable: Method com.bankingproject.testcases.CustomerLoginTestCases.logout() on instance com.bankingproject.testcases.CustomerLoginTestCases@328cf0e1 depends on not successfully finished methods 
[com.bankingproject.testcases.CustomerLoginTestCases.transactionExcel() on instance com.bankingproject.testcases.CustomerLoginTestCases@328cf0e1
com.bankingproject.testcases.CustomerLoginTestCases.deposit() on instance com.bankingproject.testcases.CustomerLoginTestCases@328cf0e1
com.bankingproject.testcases.CustomerLoginTestCases.validations() on instance com.bankingproject.testcases.CustomerLoginTestCases@328cf0e1
com.bankingproject.testcases.CustomerLoginTestCases.resetTransaction() on instance com.bankingproject.testcases.CustomerLoginTestCases@328cf0e1
com.bankingproject.testcases.CustomerLoginTestCases.withdrawl() on instance com.bankingproject.testcases.CustomerLoginTestCases@328cf0e1
com.bankingproject.testcases.CustomerLoginTestCases.validateLogin() on instance com.bankingproject.testcases.CustomerLoginTestCases@328cf0e1]
	at org.testng.internal.invokers.TestInvoker.invokeTestMethods(TestInvoker.java:159)
	at org.testng.internal.invokers.TestMethodWorker.invokeTestMethods(TestMethodWorker.java:154)
	at org.testng.internal.invokers.TestMethodWorker.run(TestMethodWorker.java:134)
	at java.base/java.util.ArrayList.forEach(ArrayList.java:1596)
	at org.testng.TestRunner.privateRun(TestRunner.java:739)
	at org.testng.TestRunner.run(TestRunner.java:614)
	at org.testng.SuiteRunner.runTest(SuiteRunner.java:421)
	at org.testng.SuiteRunner.runSequentially(SuiteRunner.java:413)
	at org.testng.SuiteRunner.privateRun(SuiteRunner.java:373)
	at org.testng.SuiteRunner.run(SuiteRunner.java:312)
	at org.testng.SuiteRunnerWorker.runSuite(SuiteRunnerWorker.java:52)
	at org.testng.SuiteRunnerWorker.run(SuiteRunnerWorker.java:95)
	at org.testng.TestNG.runSuitesSequentially(TestNG.java:1274)
	at org.testng.TestNG.runSuitesLocally(TestNG.java:1208)
	at org.testng.TestNG.runSuites(TestNG.java:1112)
	at org.testng.TestNG.run(TestNG.java:1079)
	at org.testng.remote.AbstractRemoteTestNG.run(AbstractRemoteTestNG.java:115)
	at org.testng.remote.RemoteTestNG.initAndRun(RemoteTestNG.java:293)
	at org.testng.remote.RemoteTestNG.main(RemoteTestNG.java:91)
</pre></div></td>
<td>0</td>
<td>com.bankingproject.testcases.CustomerLoginTestCases@328cf0e1</td></tr>
</table><p>
</body>
</html>